<?xml version="1.0" encoding="UTF-8"?>
<!-- Generated by org.testng.reporters.JUnitReportReporter -->
<testsuite hostname="DESKTOP-6HBHS7J" failures="0" tests="1" name="first.AppTest" time="28.558" errors="0" timestamp="2025-08-23T01:54:54 IST" skipped="0">
  <testcase classname="first.AppTest" name="openGoogle" time="28.558"/>
</testsuite> <!-- first.AppTest -->
